This file contains output data from Touchstone simulation...
FREQ-GHZ  DB[S11]  DB[S21]  DB[S11]  S21TRUE  DB[S21]   RE[Z1]   IM[Z1]   RE[Z1]   IM[Z1]  RE[S11]  IM[S11]  RE[S11]  IM[S11] MAG[S11] ANG[S11] MAG[S11] ANG[S11]
           C20F75   C20F75 C20F75IE   OUTEQN C20F75IE C20F75IE C20F75IE   C20F75   C20F75 C20F75IE C20F75IE   C20F75   C20F75 C20F75IE C20F75IE   C20F75   C20F75
                                          DB
 4.30000   -2.846  -11.630   -1.429   -8.449  -14.651   10.843   63.516   13.918  -41.296    0.214    0.821   -0.104   -0.713    0.848   75.422    0.721  -98.279
 4.30500   -2.881  -11.548   -1.431   -8.404  -14.627   10.899   63.704   14.010  -41.005    0.216    0.820   -0.108   -0.710    0.848   75.251    0.718  -98.629
 4.31000   -2.917  -11.466   -1.433   -8.360  -14.604   10.956   63.894   14.104  -40.714    0.218    0.819   -0.112   -0.706    0.848   75.080    0.715  -98.981
 4.31500   -2.953  -11.384   -1.435   -8.316  -14.581   11.013   64.084   14.198  -40.423    0.221    0.819   -0.115   -0.702    0.848   74.909    0.712  -99.334
 4.32000   -2.990  -11.302   -1.437   -8.272  -14.558   11.071   64.274   14.293  -40.132    0.223    0.818   -0.119   -0.699    0.848   74.738    0.709  -99.689
 4.32500   -3.027  -11.222   -1.439   -8.228  -14.535   11.129   64.465   14.388  -39.842    0.225    0.817   -0.123   -0.695    0.847   74.567    0.706 -100.044
 4.33000   -3.065  -11.142   -1.441   -8.185  -14.513   11.188   64.656   14.484  -39.552    0.228    0.816   -0.127   -0.691    0.847   74.397    0.703 -100.400
 4.33500   -3.103  -11.062   -1.443   -8.142  -14.490   11.247   64.848   14.580  -39.262    0.230    0.815   -0.131   -0.687    0.847   74.226    0.700 -100.758
 4.34000   -3.141  -10.983   -1.445   -8.100  -14.468   11.307   65.041   14.678  -38.971    0.233    0.814   -0.134   -0.683    0.847   74.056    0.697 -101.117
 4.34500   -3.180  -10.905   -1.447   -8.058  -14.446   11.367   65.233   14.775  -38.683    0.235    0.813   -0.138   -0.680    0.847   73.886    0.693 -101.476
 4.35000   -3.219  -10.827   -1.450   -8.016  -14.425   11.428   65.427   14.874  -38.394    0.237    0.812   -0.142   -0.676    0.846   73.716    0.690 -101.837
 4.35500   -3.259  -10.750   -1.452   -7.974  -14.403   11.489   65.621   14.973  -38.105    0.240    0.811   -0.145   -0.672    0.846   73.546    0.687 -102.199
 4.36000   -3.299  -10.672   -1.454   -7.933  -14.382   11.551   65.815   15.073  -37.816    0.242    0.811   -0.149   -0.668    0.846   73.376    0.684 -102.563
 4.36500   -3.340  -10.596   -1.456   -7.892  -14.361   11.614   66.010   15.173  -37.529    0.244    0.810   -0.152   -0.664    0.846   73.206    0.681 -102.927
 4.37000   -3.381  -10.521   -1.458   -7.852  -14.340   11.677   66.205   15.274  -37.241    0.247    0.809   -0.156   -0.659    0.845   73.037    0.678 -103.293
 4.37500   -3.422  -10.446   -1.461   -7.812  -14.319   11.741   66.401   15.375  -36.953    0.249    0.808   -0.159   -0.655    0.845   72.867    0.674 -103.659
 4.38000   -3.465  -10.371   -1.463   -7.772  -14.299   11.805   66.598   15.478  -36.666    0.251    0.807   -0.163   -0.651    0.845   72.698    0.671 -104.028
 4.38500   -3.507  -10.297   -1.465   -7.732  -14.279   11.870   66.794   15.580  -36.379    0.254    0.806   -0.166   -0.647    0.845   72.529    0.668 -104.396
 4.39000   -3.550  -10.224   -1.468   -7.693  -14.259   11.936   66.991   15.683  -36.093    0.256    0.805   -0.169   -0.643    0.845   72.359    0.665 -104.766
 4.39500   -3.593  -10.151   -1.470   -7.654  -14.239   12.002   67.190   15.787  -35.807    0.258    0.804   -0.173   -0.638    0.844   72.190    0.661 -105.137
 4.40000   -3.637  -10.078   -1.473   -7.616  -14.219   12.068   67.388   15.892  -35.520    0.261    0.803   -0.176   -0.634    0.844   72.021    0.658 -105.510
 4.40500   -3.682  -10.007   -1.475   -7.578  -14.200   12.136   67.587   15.997  -35.235    0.263    0.802   -0.179   -0.630    0.844   71.852    0.655 -105.883
 4.41000   -3.727   -9.936   -1.477   -7.540  -14.181   12.204   67.787   16.103  -34.950    0.265    0.801   -0.182   -0.625    0.844   71.684    0.651 -106.258
 4.41500   -3.772   -9.865   -1.480   -7.503  -14.162   12.273   67.987   16.209  -34.665    0.267    0.800   -0.185   -0.621    0.843   71.515    0.648 -106.634
 4.42000   -3.818   -9.795   -1.482   -7.465  -14.144   12.342   68.188   16.317  -34.380    0.270    0.799   -0.189   -0.616    0.843   71.346    0.644 -107.011
 4.42500   -3.864   -9.726   -1.485   -7.429  -14.125   12.412   68.389   16.424  -34.096    0.272    0.798   -0.192   -0.612    0.843   71.178    0.641 -107.389
 4.43000   -3.911   -9.658   -1.487   -7.393  -14.107   12.483   68.590   16.532  -33.812    0.274    0.797   -0.195   -0.607    0.843   71.010    0.637 -107.768
 4.43500   -3.958   -9.590   -1.490   -7.357  -14.089   12.555   68.793   16.641  -33.528    0.276    0.796   -0.197   -0.602    0.842   70.841    0.634 -108.148
 4.44000   -4.006   -9.522   -1.493   -7.321  -14.071   12.627   68.996   16.751  -33.244    0.279    0.795   -0.200   -0.598    0.842   70.673    0.631 -108.530
 4.44500   -4.054   -9.455   -1.495   -7.286  -14.054   12.700   69.199   16.861  -32.961    0.281    0.794   -0.203   -0.593    0.842   70.505    0.627 -108.912
 4.45000   -4.103   -9.389   -1.498   -7.251  -14.037   12.774   69.403   16.971  -32.678    0.283    0.793   -0.206   -0.588    0.842   70.337    0.624 -109.296
 4.45500   -4.153   -9.324   -1.501   -7.217  -14.020   12.848   69.608   17.083  -32.395    0.285    0.791   -0.209   -0.584    0.841   70.169    0.620 -109.681
 4.46000   -4.203   -9.258   -1.503   -7.182  -14.003   12.923   69.814   17.195  -32.113    0.288    0.790   -0.212   -0.579    0.841   70.000    0.616 -110.068
 4.46500   -4.253   -9.194   -1.506   -7.149  -13.986   12.999   70.019   17.307  -31.831    0.290    0.789   -0.214   -0.574    0.841   69.833    0.613 -110.455
 4.47000   -4.304   -9.131   -1.509   -7.116  -13.970   13.076   70.226   17.420  -31.549    0.292    0.788   -0.217   -0.569    0.841   69.665    0.609 -110.844
 4.47500   -4.355   -9.068   -1.512   -7.083  -13.954   13.153   70.433   17.534  -31.268    0.294    0.787   -0.219   -0.565    0.840   69.497    0.606 -111.234
 4.48000   -4.407   -9.005   -1.514   -7.050  -13.938   13.231   70.641   17.648  -30.986    0.297    0.786   -0.222   -0.560    0.840   69.329    0.602 -111.625
 4.48500   -4.460   -8.944   -1.517   -7.018  -13.922   13.311   70.849   17.763  -30.705    0.299    0.785   -0.224   -0.555    0.840   69.162    0.598 -112.017
 4.49000   -4.513   -8.883   -1.520   -6.987  -13.907   13.391   71.057   17.878  -30.425    0.301    0.784   -0.227   -0.550    0.839   68.994    0.595 -112.411
 4.49500   -4.566   -8.822   -1.523   -6.955  -13.891   13.472   71.267   17.994  -30.144    0.303    0.782   -0.229   -0.545    0.839   68.826    0.591 -112.806
 4.50000   -4.620   -8.762   -1.526   -6.924  -13.876   13.553   71.477   18.111  -29.864    0.305    0.781   -0.231   -0.540    0.839   68.659    0.587 -113.203
 4.50500   -4.675   -8.703   -1.529   -6.894  -13.861   13.636   71.688   18.228  -29.584    0.307    0.780   -0.234   -0.535    0.839   68.491    0.584 -113.600
 4.51000   -4.730   -8.645   -1.532   -6.863  -13.847   13.720   71.899   18.346  -29.305    0.310    0.779   -0.236   -0.530    0.838   68.324    0.580 -113.999
 4.51500   -4.786   -8.587   -1.535   -6.834  -13.833   13.804   72.111   18.465  -29.025    0.312    0.778   -0.238   -0.525    0.838   68.157    0.576 -114.399
 4.52000   -4.843   -8.530   -1.538   -6.804  -13.818   13.889   72.324   18.584  -28.746    0.314    0.777   -0.240   -0.520    0.838   67.989    0.573 -114.801
 4.52500   -4.900   -8.473   -1.542   -6.775  -13.804   13.976   72.537   18.703  -28.467    0.316    0.775   -0.242   -0.515    0.837   67.822    0.569 -115.204
 4.53000   -4.957   -8.418   -1.545   -6.747  -13.791   14.063   72.751   18.824  -28.188    0.318    0.774   -0.244   -0.510    0.837   67.655    0.565 -115.608
 4.53500   -5.015   -8.363   -1.548   -6.719  -13.777   14.151   72.965   18.945  -27.910    0.320    0.773   -0.246   -0.504    0.837   67.487    0.561 -116.014
 4.54000   -5.074   -8.308   -1.551   -6.691  -13.764   14.240   73.181   19.066  -27.631    0.323    0.772   -0.248   -0.499    0.836   67.320    0.558 -116.422
 4.54500   -5.133   -8.254   -1.555   -6.664  -13.751   14.331   73.396   19.188  -27.354    0.325    0.771   -0.250   -0.494    0.836   67.153    0.554 -116.831
 4.55000   -5.193   -8.202   -1.558   -6.637  -13.738   14.422   73.613   19.311  -27.076    0.327    0.769   -0.252   -0.489    0.836   66.986    0.550 -117.241
 4.55500   -5.253   -8.149   -1.561   -6.611  -13.726   14.514   73.830   19.435  -26.798    0.329    0.768   -0.253   -0.484    0.835   66.819    0.546 -117.654
 4.56000   -5.315   -8.097   -1.565   -6.584  -13.713   14.607   74.048   19.559  -26.520    0.331    0.767   -0.255   -0.479    0.835   66.652    0.542 -118.068
 4.56500   -5.376   -8.046   -1.568   -6.559  -13.701   14.702   74.266   19.683  -26.243    0.333    0.765   -0.257   -0.473    0.835   66.484    0.539 -118.483
 4.57000   -5.439   -7.996   -1.572   -6.534  -13.689   14.798   74.485   19.809  -25.966    0.335    0.764   -0.258   -0.468    0.834   66.317    0.535 -118.900
 4.57500   -5.502   -7.946   -1.575   -6.509  -13.677   14.895   74.705   19.935  -25.689    0.337    0.763   -0.260   -0.463    0.834   66.150    0.531 -119.318
 4.58000   -5.565   -7.897   -1.579   -6.485  -13.666   14.992   74.925   20.061  -25.412    0.339    0.762   -0.261   -0.458    0.834   65.983    0.527 -119.739
 4.58500   -5.629   -7.849   -1.583   -6.461  -13.655   15.091   75.146   20.188  -25.136    0.341    0.760   -0.263   -0.452    0.833   65.816    0.523 -120.161
 4.59000   -5.694   -7.802   -1.586   -6.438  -13.644   15.192   75.368   20.316  -24.859    0.344    0.759   -0.264   -0.447    0.833   65.649    0.519 -120.585
 4.59500   -5.760   -7.755   -1.590   -6.415  -13.633   15.293   75.590   20.445  -24.583    0.346    0.758   -0.265   -0.442    0.833   65.482    0.515 -121.011
 4.60000   -5.826   -7.709   -1.594   -6.392  -13.622   15.395   75.813   20.574  -24.306    0.348    0.756   -0.267   -0.436    0.832   65.315    0.511 -121.439
 4.60500   -5.893   -7.664   -1.598   -6.371  -13.612   15.500   76.037   20.704  -24.030    0.350    0.755   -0.268   -0.431    0.832   65.148    0.507 -121.869
 4.61000   -5.961   -7.619   -1.601   -6.350  -13.602   15.605   76.261   20.835  -23.754    0.352    0.754   -0.269   -0.426    0.832   64.981    0.503 -122.300
 4.61500   -6.029   -7.575   -1.605   -6.329  -13.592   15.711   76.486   20.966  -23.478    0.354    0.752   -0.270   -0.420    0.831   64.814    0.500 -122.734
 4.62000   -6.098   -7.532   -1.609   -6.308  -13.582   15.818   76.712   21.098  -23.202    0.356    0.751   -0.271   -0.415    0.831   64.646    0.496 -123.170
 4.62500   -6.168   -7.490   -1.613   -6.288  -13.573   15.928   76.938   21.231  -22.926    0.358    0.749   -0.272   -0.409    0.830   64.479    0.492 -123.608
 4.63000   -6.238   -7.448   -1.618   -6.269  -13.564   16.039   77.165   21.364  -22.650    0.360    0.748   -0.273   -0.404    0.830   64.312    0.488 -124.048
 4.63500   -6.309   -7.407   -1.622   -6.250  -13.555   16.150   77.393   21.498  -22.374    0.362    0.747   -0.274   -0.399    0.830   64.145    0.484 -124.491
 4.64000   -6.381   -7.366   -1.626   -6.231  -13.546   16.263   77.621   21.633  -22.098    0.364    0.745   -0.275   -0.393    0.829   63.978    0.480 -124.936
 4.64500   -6.454   -7.327   -1.630   -6.213  -13.537   16.378   77.850   21.769  -21.823    0.366    0.744   -0.275   -0.388    0.829   63.811    0.476 -125.383
 4.65000   -6.527   -7.288   -1.635   -6.196  -13.529   16.495   78.080   21.906  -21.547    0.368    0.742   -0.276   -0.382    0.828   63.643    0.472 -125.833
 4.65500   -6.602   -7.250   -1.639   -6.179  -13.521   16.612   78.310   22.043  -21.271    0.370    0.741   -0.277   -0.377    0.828   63.476    0.468 -126.285
 4.66000   -6.676   -7.213   -1.643   -6.162  -13.513   16.731   78.541   22.181  -20.995    0.372    0.739   -0.277   -0.372    0.828   63.309    0.464 -126.740
 4.66500   -6.752   -7.177   -1.648   -6.146  -13.505   16.852   78.773   22.320  -20.719    0.374    0.738   -0.278   -0.366    0.827   63.142    0.460 -127.197
 4.67000   -6.829   -7.141   -1.652   -6.131  -13.498   16.975   79.005   22.460  -20.444    0.376    0.736   -0.278   -0.361    0.827   62.974    0.456 -127.657
 4.67500   -6.907   -7.106   -1.657   -6.116  -13.491   17.099   79.238   22.601  -20.168    0.378    0.735   -0.279   -0.355    0.826   62.807    0.452 -128.120
 4.68000   -6.985   -7.071   -1.662   -6.101  -13.483   17.224   79.472   22.742  -19.892    0.380    0.733   -0.279   -0.350    0.826   62.640    0.447 -128.586
 4.68500   -7.064   -7.038   -1.667   -6.087  -13.477   17.352   79.706   22.885  -19.616    0.381    0.732   -0.279   -0.344    0.825   62.472    0.443 -129.054
 4.69000   -7.144   -7.006   -1.671   -6.074  -13.470   17.481   79.941   23.028  -19.340    0.383    0.730   -0.280   -0.339    0.825   62.305    0.439 -129.525
 4.69500   -7.225   -6.974   -1.676   -6.061  -13.464   17.612   80.176   23.173  -19.063    0.385    0.729   -0.280   -0.333    0.824   62.138    0.435 -130.000
 4.70000   -7.307   -6.942   -1.681   -6.049  -13.458   17.743   80.412   23.317  -18.787    0.387    0.727   -0.280   -0.328    0.824   61.970    0.431 -130.478
 4.70500   -7.390   -6.912   -1.686   -6.038  -13.452   17.879   80.649   23.464  -18.511    0.389    0.726   -0.280   -0.323    0.824   61.803    0.427 -130.959
 4.71000   -7.474   -6.883   -1.692   -6.027  -13.446   18.016   80.886   23.612  -18.234    0.391    0.724   -0.280   -0.317    0.823   61.635    0.423 -131.443
 4.71500   -7.559   -6.854   -1.697   -6.016  -13.441   18.153   81.124   23.760  -17.957    0.393    0.723   -0.280   -0.312    0.823   61.467    0.419 -131.931
 4.72000   -7.645   -6.825   -1.702   -6.006  -13.435   18.292   81.363   23.909  -17.681    0.395    0.721   -0.280   -0.306    0.822   61.300    0.415 -132.423
 4.72500   -7.732   -6.799   -1.707   -5.997  -13.431   18.436   81.601   24.060  -17.404    0.397    0.719   -0.280   -0.301    0.822   61.132    0.411 -132.917
 4.73000   -7.820   -6.772   -1.713   -5.988  -13.426   18.580   81.841   24.212  -17.127    0.398    0.718   -0.279   -0.295    0.821   60.964    0.406 -133.415
 4.73500   -7.909   -6.747   -1.718   -5.980  -13.421   18.726   82.081   24.365  -16.849    0.400    0.716   -0.279   -0.290    0.820   60.797    0.402 -133.918
 4.74000   -7.998   -6.722   -1.724   -5.972  -13.417   18.873   82.322   24.518  -16.572    0.402    0.715   -0.279   -0.284    0.820   60.629    0.398 -134.425
 4.74500   -8.090   -6.698   -1.730   -5.965  -13.413   19.024   82.563   24.674  -16.294    0.404    0.713   -0.278   -0.279    0.819   60.461    0.394 -134.934
 4.75000   -8.182   -6.675   -1.736   -5.959  -13.409   19.177   82.805   24.831  -16.016    0.406    0.711   -0.278   -0.273    0.819   60.293    0.390 -135.448
 4.75500   -8.276   -6.653   -1.742   -5.953  -13.406   19.331   83.047   24.989  -15.738    0.408    0.710   -0.277   -0.268    0.818   60.126    0.386 -135.967
 4.76000   -8.370   -6.631   -1.747   -5.948  -13.402   19.487   83.290   25.147  -15.460    0.409    0.708   -0.277   -0.263    0.818   59.958    0.382 -136.490
 4.76500   -8.466   -6.611   -1.754   -5.944  -13.399   19.647   83.533   25.309  -15.182    0.411    0.706   -0.276   -0.257    0.817   59.790    0.377 -137.017
 4.77000   -8.564   -6.591   -1.760   -5.940  -13.396   19.809   83.776   25.471  -14.903    0.413    0.704   -0.275   -0.252    0.817   59.622    0.373 -137.548
 4.77500   -8.662   -6.572   -1.766   -5.937  -13.393   19.973   84.020   25.634  -14.624    0.415    0.703   -0.275   -0.246    0.816   59.454    0.369 -138.084
 4.78000   -8.761   -6.553   -1.772   -5.934  -13.391   20.138   84.265   25.798  -14.345    0.416    0.701   -0.274   -0.241    0.815   59.286    0.365 -138.627
 4.78500   -8.863   -6.537   -1.779   -5.932  -13.389   20.308   84.509   25.966  -14.066    0.418    0.699   -0.273   -0.236    0.815   59.118    0.360 -139.171
 4.79000   -8.966   -6.521   -1.786   -5.931  -13.387   20.480   84.754   26.135  -13.787    0.420    0.698   -0.272   -0.230    0.814   58.950    0.356 -139.722
 4.79500   -9.070   -6.505   -1.792   -5.931  -13.385   20.653   85.000   26.304  -13.507    0.422    0.696   -0.271   -0.225    0.814   58.782    0.352 -140.278
 4.80000   -9.175   -6.490   -1.799   -5.930  -13.383   20.828   85.246   26.474  -13.227    0.423    0.694   -0.270   -0.220    0.813   58.613    0.348 -140.841
 4.80500   -9.282   -6.477   -1.806   -5.932  -13.382   21.009   85.491   26.649  -12.947    0.425    0.692   -0.268   -0.214    0.812   58.445    0.343 -141.406
 4.81000   -9.391   -6.464   -1.813   -5.933  -13.381   21.191   85.737   26.824  -12.667    0.427    0.690   -0.267   -0.209    0.812   58.277    0.339 -141.978
 4.81500   -9.501   -6.452   -1.820   -5.935  -13.380   21.375   85.984   27.001  -12.387    0.428    0.689   -0.266   -0.204    0.811   58.109    0.335 -142.556
 4.82000   -9.612   -6.440   -1.827   -5.937  -13.379   21.561   86.231   27.178  -12.106    0.430    0.687   -0.265   -0.198    0.810   57.941    0.331 -143.142
 4.82500   -9.726   -6.431   -1.835   -5.942  -13.379   21.753   86.477   27.360  -11.825    0.432    0.685   -0.263   -0.193    0.810   57.773    0.326 -143.729
 4.83000   -9.841   -6.422   -1.842   -5.946  -13.378   21.947   86.724   27.544  -11.545    0.433    0.683   -0.262   -0.188    0.809   57.605    0.322 -144.324
 4.83500   -9.958   -6.413   -1.850   -5.951  -13.378   22.142   86.971   27.728  -11.264    0.435    0.681   -0.260   -0.183    0.808   57.437    0.318 -144.927
 4.84000  -10.076   -6.405   -1.857   -5.956  -13.378   22.339   87.219   27.914  -10.982    0.437    0.679   -0.258   -0.177    0.807   57.268    0.313 -145.538
 4.84500  -10.197   -6.399   -1.865   -5.963  -13.379   22.544   87.465   28.104  -10.702    0.438    0.677   -0.257   -0.172    0.807   57.100    0.309 -146.151
 4.85000  -10.319   -6.394   -1.873   -5.970  -13.380   22.750   87.711   28.296  -10.420    0.440    0.675   -0.255   -0.167    0.806   56.932    0.305 -146.772
 4.85500  -10.444   -6.389   -1.881   -5.978  -13.380   22.958   87.958   28.489  -10.139    0.441    0.674   -0.253   -0.162    0.805   56.764    0.300 -147.402
 4.86000  -10.570   -6.385   -1.890   -5.986  -13.381   23.167   88.206   28.684   -9.857    0.443    0.672   -0.251   -0.157    0.804   56.596    0.296 -148.042
 4.86500  -10.699   -6.383   -1.898   -5.996  -13.383   23.385   88.451   28.884   -9.577    0.444    0.670   -0.249   -0.152    0.804   56.428    0.292 -148.682
 4.87000  -10.830   -6.381   -1.907   -6.006  -13.384   23.604   88.696   29.086   -9.296    0.446    0.668   -0.247   -0.147    0.803   56.260    0.287 -149.333
 4.87500  -10.962   -6.380   -1.915   -6.017  -13.386   23.825   88.942   29.289   -9.014    0.447    0.666   -0.245   -0.142    0.802   56.092    0.283 -149.993
 4.88000  -11.097   -6.379   -1.924   -6.028  -13.388   24.048   89.189   29.493   -8.733    0.449    0.664   -0.243   -0.137    0.801   55.925    0.279 -150.664
 4.88500  -11.235   -6.381   -1.933   -6.041  -13.390   24.280   89.432   29.704   -8.453    0.450    0.662   -0.241   -0.132    0.800   55.757    0.274 -151.336
 4.89000  -11.376   -6.383   -1.943   -6.055  -13.393   24.513   89.676   29.917   -8.172    0.452    0.660   -0.238   -0.127    0.800   55.589    0.270 -152.019
 4.89500  -11.518   -6.386   -1.952   -6.068  -13.395   24.748   89.920   30.131   -7.892    0.453    0.658   -0.236   -0.122    0.799   55.422    0.266 -152.713
 4.90000  -11.662   -6.389   -1.961   -6.082  -13.397   24.986   90.165   30.346   -7.611    0.455    0.656   -0.234   -0.117    0.798   55.254    0.261 -153.420
 4.90500  -11.811   -6.395   -1.971   -6.099  -13.401   25.232   90.405   30.569   -7.332    0.456    0.654   -0.231   -0.112    0.797   55.087    0.257 -154.127
 4.91000  -11.962   -6.401   -1.981   -6.115  -13.404   25.480   90.646   30.793   -7.053    0.458    0.651   -0.228   -0.107    0.796   54.920    0.252 -154.846
 4.91500  -12.115   -6.407   -1.991   -6.132  -13.407   25.731   90.887   31.019   -6.774    0.459    0.649   -0.226   -0.102    0.795   54.753    0.248 -155.579
 4.92000  -12.270   -6.414   -2.001   -6.149  -13.411   25.984   91.129   31.247   -6.495    0.460    0.647   -0.223   -0.098    0.794   54.586    0.243 -156.326
 4.92500  -12.431   -6.424   -2.011   -6.168  -13.415   26.246   91.365   31.482   -6.219    0.462    0.645   -0.220   -0.093    0.793   54.419    0.239 -157.073
 4.93000  -12.594   -6.434   -2.022   -6.188  -13.419   26.510   91.602   31.720   -5.942    0.463    0.643   -0.217   -0.089    0.792   54.253    0.235 -157.834
 4.93500  -12.759   -6.445   -2.032   -6.208  -13.423   26.776   91.838   31.959   -5.666    0.464    0.641   -0.214   -0.084    0.791   54.087    0.230 -158.612
 4.94000  -12.927   -6.456   -2.043   -6.228  -13.427   27.045   92.075   32.200   -5.389    0.465    0.639   -0.211   -0.079    0.790   53.920    0.226 -159.405
 4.94500  -13.100   -6.469   -2.054   -6.251  -13.432   27.324   92.306   32.450   -5.116    0.467    0.637   -0.208   -0.075    0.789   53.755    0.221 -160.197
 4.95000  -13.277   -6.483   -2.066   -6.274  -13.437   27.605   92.536   32.701   -4.843    0.468    0.634   -0.205   -0.071    0.788   53.589    0.217 -161.007
 4.95500  -13.456   -6.498   -2.077   -6.297  -13.442   27.889   92.767   32.955   -4.571    0.469    0.632   -0.202   -0.066    0.787   53.424    0.212 -161.836
 4.96000  -13.639   -6.513   -2.089   -6.321  -13.447   28.175   92.997   33.210   -4.298    0.470    0.630   -0.199   -0.062    0.786   53.258    0.208 -162.684
 4.96500  -13.828   -6.530   -2.101   -6.347  -13.453   28.471   93.221   33.475   -4.030    0.471    0.628   -0.195   -0.058    0.785   53.094    0.204 -163.529
 4.97000  -14.020   -6.548   -2.113   -6.373  -13.458   28.770   93.443   33.742   -3.763    0.473    0.626   -0.192   -0.054    0.784   52.930    0.199 -164.396
 4.97500  -14.215   -6.567   -2.125   -6.399  -13.464   29.071   93.666   34.011   -3.496    0.474    0.623   -0.188   -0.049    0.783   52.766    0.195 -165.285
 4.98000  -14.414   -6.586   -2.137   -6.426  -13.470   29.375   93.888   34.282   -3.229    0.475    0.621   -0.185   -0.045    0.782   52.602    0.190 -166.198
 4.98500  -14.620   -6.607   -2.150   -6.455  -13.476   29.689   94.102   34.563   -2.968    0.476    0.619   -0.181   -0.041    0.781   52.439    0.186 -167.107
 4.99000  -14.831   -6.629   -2.163   -6.484  -13.482   30.006   94.315   34.847   -2.708    0.477    0.617   -0.177   -0.038    0.780   52.277    0.181 -168.042
 4.99500  -15.044   -6.652   -2.176   -6.514  -13.489   30.326   94.527   35.132   -2.448    0.478    0.614   -0.174   -0.034    0.778   52.114    0.177 -169.004
 5.00000  -15.262   -6.675   -2.189   -6.543  -13.495   30.648   94.739   35.420   -2.189    0.479    0.612   -0.170   -0.030    0.777   51.952    0.173 -169.995
 5.00500  -15.489   -6.700   -2.203   -6.576  -13.502   30.981   94.940   35.718   -1.937    0.480    0.610   -0.166   -0.026    0.776   51.791    0.168 -170.982
 5.01000  -15.720   -6.726   -2.217   -6.608  -13.509   31.317   95.140   36.019   -1.686    0.481    0.607   -0.162   -0.023    0.775   51.631    0.164 -172.001
 5.01500  -15.955   -6.752   -2.231   -6.641  -13.516   31.655   95.340   36.322   -1.436    0.482    0.605   -0.158   -0.019    0.773   51.470    0.159 -173.054
 5.02000  -16.195   -6.779   -2.245   -6.673  -13.523   31.996   95.539   36.627   -1.187    0.483    0.603   -0.154   -0.016    0.772   51.310    0.155 -174.144
 5.02500  -16.446   -6.808   -2.260   -6.709  -13.530   32.348   95.725   36.943   -0.947    0.484    0.600   -0.150   -0.013    0.771   51.152    0.151 -175.228
 5.03000  -16.701   -6.838   -2.275   -6.744  -13.537   32.703   95.910   37.261   -0.708    0.484    0.598   -0.146   -0.009    0.770   50.994    0.146 -176.353
 5.03500  -16.961   -6.868   -2.290   -6.779  -13.545   33.060   96.094   37.582   -0.470    0.485    0.596   -0.142   -0.006    0.768   50.836    0.142 -177.523
 5.04000  -17.227   -6.898   -2.305   -6.815  -13.552   33.420   96.277   37.905   -0.234    0.486    0.593   -0.138   -0.003    0.767   50.679    0.138 -178.740
 5.04500  -17.505   -6.931   -2.321   -6.853  -13.560   33.791   96.445   38.239   -0.009    0.487    0.591   -0.133 -1.1e-04    0.765   50.524    0.133 -179.951
 5.05000  -17.788   -6.964   -2.337   -6.891  -13.568   34.165   96.612   38.576    0.215    0.487    0.588   -0.129    0.003    0.764   50.370    0.129  178.783
 5.05500  -18.078   -6.998   -2.353   -6.930  -13.575   34.541   96.777   38.915    0.437    0.488    0.586   -0.125    0.006    0.763   50.215    0.125  177.460
 5.06000  -18.374   -7.032   -2.369   -6.968  -13.583   34.920   96.940   39.256    0.658    0.489    0.584   -0.120    0.008    0.761   50.061    0.121  176.074
 5.06500  -18.684   -7.068   -2.387   -7.009  -13.591   35.309   97.087   39.608    0.865    0.489    0.581   -0.116    0.011    0.760   49.910    0.116  174.689
 5.07000  -19.001   -7.105   -2.404   -7.050  -13.599   35.700   97.232   39.963    1.070    0.490    0.579   -0.111    0.013    0.758   49.759    0.112  173.233
 5.07500  -19.324   -7.142   -2.421   -7.090  -13.607   36.094   97.375   40.320    1.274    0.490    0.576   -0.107    0.016    0.757   49.609    0.108  171.697
 5.08000  -19.655   -7.179   -2.438   -7.131  -13.615   36.491   97.516   40.679    1.475    0.491    0.574   -0.102    0.018    0.755   49.458    0.104  170.076
 5.08500  -20.002   -7.218   -2.456   -7.174  -13.623   36.897   97.637   41.048    1.660    0.491    0.572   -0.098    0.020    0.754   49.313    0.100  168.447
 5.09000  -20.357   -7.258   -2.474   -7.217  -13.631   37.305   97.756   41.420    1.843    0.492    0.569   -0.093    0.022    0.752   49.167    0.096  166.719
 5.09500  -20.719   -7.298   -2.493   -7.261  -13.639   37.716   97.873   41.794    2.024    0.492    0.567   -0.089    0.024    0.751   49.021    0.092  164.879
 5.10000  -21.089   -7.338   -2.511   -7.304  -13.647   38.130   97.988   42.170    2.203    0.493    0.564   -0.084    0.026    0.749   48.875    0.088  162.917
 5.10500  -21.478   -7.380   -2.530   -7.349  -13.655   38.551   98.080   42.556    2.363    0.493    0.562   -0.080    0.028    0.747   48.735    0.084  160.930
 5.11000  -21.874   -7.422   -2.550   -7.394  -13.663   38.974   98.170   42.943    2.520    0.493    0.559   -0.075    0.029    0.746   48.595    0.081  158.798
 5.11500  -22.278   -7.464   -2.569   -7.439  -13.671   39.399   98.256   43.333    2.674    0.493    0.557   -0.071    0.031    0.744   48.455    0.077  156.504
 5.12000  -22.686   -7.507   -2.589   -7.484  -13.679   39.827   98.340   43.725    2.826    0.494    0.554   -0.066    0.032    0.742   48.315    0.073  154.031
 5.12500  -23.116   -7.551   -2.609   -7.530  -13.686   40.261   98.400   44.124    2.956    0.494    0.552   -0.061    0.033    0.741   48.182    0.070  151.498
 5.13000  -23.551   -7.596   -2.630   -7.576  -13.694   40.696   98.456   44.525    3.083    0.494    0.549   -0.057    0.034    0.739   48.049    0.066  148.750
 5.13500  -23.988   -7.640   -2.650   -7.623  -13.701   41.133   98.509   44.928    3.207    0.494    0.547   -0.052    0.036    0.737   47.916    0.063  145.764
 5.14000  -24.423   -7.685   -2.671   -7.669  -13.709   41.573   98.559   45.332    3.328    0.494    0.545   -0.048    0.037    0.735   47.783    0.060  142.514
 5.14500  -24.877   -7.731   -2.693   -7.717  -13.716   42.014   98.581   45.742    3.424    0.494    0.542   -0.043    0.037    0.733   47.658    0.057  139.146
 5.15000  -25.324   -7.777   -2.715   -7.764  -13.722   42.458   98.600   46.153    3.517    0.494    0.540   -0.039    0.038    0.732   47.533    0.054  135.467
 5.15500  -25.758   -7.823   -2.736   -7.811  -13.729   42.903   98.615   46.566    3.607    0.494    0.537   -0.034    0.039    0.730   47.408    0.052  131.453
 5.16000  -26.169   -7.869   -2.758   -7.858  -13.736   43.350   98.627   46.980    3.693    0.494    0.535   -0.030    0.039    0.728   47.283    0.049  127.088
 5.16500  -26.585   -7.916   -2.781   -7.906  -13.742   43.796   98.609   47.397    3.752    0.494    0.532   -0.025    0.039    0.726   47.167    0.047  122.547
 5.17000  -26.964   -7.963   -2.804   -7.954  -13.748   44.243   98.587   47.814    3.808    0.493    0.530   -0.021    0.040    0.724   47.052    0.045  117.631
 5.17500  -27.294   -8.010   -2.827   -8.002  -13.754   44.691   98.561   48.232    3.860    0.493    0.528   -0.016    0.040    0.722   46.936    0.043  112.356
 5.18000  -27.563   -8.057   -2.850   -8.049  -13.760   45.140   98.532   48.652    3.908    0.493    0.525   -0.012    0.040    0.720   46.820    0.042  106.763
 5.18500  -27.809   -8.104   -2.874   -8.096  -13.764   45.584   98.471   49.070    3.926    0.492    0.523   -0.008    0.040    0.718   46.715    0.041  101.063
 5.19000  -27.977   -8.151   -2.898   -8.144  -13.769   46.029   98.406   49.488    3.941    0.492    0.521   -0.004    0.040    0.716   46.611    0.040   95.138
 5.19500  -28.060   -8.198   -2.922   -8.191  -13.773   46.474   98.336   49.907    3.952    0.492    0.518  6.3e-04    0.040    0.714   46.506    0.040   89.090
 5.20000  -28.054   -8.245   -2.947   -8.238  -13.778   46.920   98.263   50.326    3.959    0.491    0.516    0.005    0.039    0.712   46.401    0.040   83.034
 5.20500  -28.022   -8.291   -2.972   -8.284  -13.780   47.355   98.157   50.739    3.935    0.491    0.514    0.009    0.039    0.710   46.309    0.040   77.133
 5.21000  -27.908   -8.338   -2.997   -8.331  -13.783   47.791   98.046   51.151    3.907    0.490    0.511    0.013    0.038    0.708   46.216    0.040   71.369
 5.21500  -27.721   -8.384   -3.022   -8.377  -13.786   48.227   97.932   51.564    3.875    0.489    0.509    0.017    0.038    0.706   46.124    0.041   65.832
 5.22000  -27.471   -8.430   -3.047   -8.423  -13.789   48.662   97.813   51.977    3.839    0.489    0.507    0.021    0.037    0.704   46.031    0.042   60.595
 5.22500  -27.228   -8.475   -3.073   -8.467  -13.790   49.082   97.661   52.378    3.771    0.488    0.505    0.025    0.036    0.702   45.952    0.044   55.655
 5.23000  -26.940   -8.520   -3.099   -8.512  -13.791   49.501   97.505   52.778    3.699    0.487    0.502    0.028    0.035    0.700   45.874    0.045   51.029
 5.23500  -26.618   -8.565   -3.125   -8.556  -13.791   49.919   97.345   53.178    3.623    0.487    0.500    0.032    0.034    0.698   45.795    0.047   46.733
 5.24000  -26.270   -8.610   -3.151   -8.600  -13.792   50.337   97.181   53.577    3.543    0.486    0.498    0.036    0.033    0.696   45.717    0.049   42.769
 5.24500  -25.957   -8.652   -3.178   -8.641  -13.790   50.732   96.983   53.958    3.432    0.485    0.496    0.039    0.032    0.694   45.654    0.050   39.031
 5.25000  -25.628   -8.695   -3.205   -8.683  -13.789   51.126   96.783   54.339    3.316    0.484    0.494    0.043    0.030    0.691   45.591    0.052   35.571
 5.25500  -25.288   -8.737   -3.231   -8.724  -13.787   51.520   96.578   54.718    3.197    0.483    0.492    0.046    0.029    0.689   45.527    0.054   32.376
 5.26000  -24.942   -8.779   -3.258   -8.766  -13.785   51.912   96.370   55.096    3.075    0.482    0.490    0.049    0.028    0.687   45.464    0.057   29.430
 5.26500  -24.639   -8.819   -3.285   -8.804  -13.781   52.275   96.130   55.450    2.921    0.481    0.488    0.052    0.026    0.685   45.418    0.059   26.605
 5.27000  -24.332   -8.858   -3.312   -8.842  -13.776   52.637   95.888   55.803    2.765    0.480    0.486    0.055    0.025    0.683   45.372    0.061   23.979
 5.27500  -24.022   -8.897   -3.340   -8.880  -13.772   52.997   95.642   56.154    2.605    0.479    0.484    0.059    0.023    0.681   45.326    0.063   21.539
 5.28000  -23.714   -8.936   -3.367   -8.917  -13.767   53.355   95.393   56.503    2.442    0.478    0.482    0.062    0.022    0.679   45.280    0.065   19.270
 5.28500  -23.448   -8.971   -3.394   -8.951  -13.760   53.678   95.115   56.823    2.251    0.476    0.480    0.064    0.020    0.677   45.252    0.067   17.052
 5.29000  -23.181   -9.006   -3.422   -8.985  -13.752   54.000   94.835   57.140    2.057    0.475    0.479    0.067    0.018    0.674   45.224    0.069   14.971
 5.29500  -22.914   -9.040   -3.449   -9.018  -13.744   54.319   94.552   57.455    1.861    0.474    0.477    0.070    0.016    0.672   45.196    0.071   13.020
 5.30000  -22.649   -9.075   -3.477   -9.051  -13.737   54.637   94.267   57.769    1.662    0.472    0.475    0.072    0.014    0.670   45.168    0.074   11.189
 5.30500  -22.424   -9.105   -3.504   -9.080  -13.726   54.913   93.958   58.047    1.438    0.471    0.474    0.075    0.012    0.668   45.160    0.076    9.368
 5.31000  -22.199   -9.135   -3.531   -9.109  -13.715   55.187   93.647   58.322    1.212    0.470    0.472    0.077    0.010    0.666   45.151    0.078    7.645
 5.31500  -21.974   -9.164   -3.558   -9.137  -13.703   55.459   93.334   58.596    0.985    0.468    0.471    0.079    0.008    0.664   45.143    0.080    6.015
 5.32000  -21.751   -9.194   -3.586   -9.165  -13.692   55.729   93.020   58.867    0.755    0.467    0.469    0.081    0.006    0.662   45.135    0.082    4.472
 5.32500  -21.565   -9.218   -3.612   -9.188  -13.678   55.952   92.687   59.097    0.506    0.465    0.468    0.083    0.004    0.660   45.146    0.084    2.919
 5.33000  -21.378   -9.242   -3.639   -9.210  -13.663   56.174   92.353   59.326    0.256    0.464    0.466    0.085    0.002    0.658   45.158    0.085    1.438
 5.33500  -21.191   -9.266   -3.665   -9.233  -13.648   56.393   92.018   59.552    0.005    0.462    0.465    0.087  3.9e-05    0.656   45.170    0.087    0.026
 5.34000  -21.004   -9.290   -3.692   -9.255  -13.633   56.611   91.682   59.776   -0.247    0.461    0.464    0.089   -0.002    0.654   45.181    0.089   -1.321
 5.34500  -20.852   -9.307   -3.718   -9.271  -13.615   56.778   91.335   59.955   -0.514    0.459    0.463    0.091   -0.004    0.652   45.213    0.091   -2.687
 5.35000  -20.698   -9.325   -3.743   -9.288  -13.596   56.943   90.987   60.133   -0.780    0.458    0.462    0.092   -0.006    0.650   45.245    0.092   -3.998
 5.35500  -20.544   -9.342   -3.769   -9.304  -13.578   57.107   90.639   60.308   -1.047    0.456    0.460    0.094   -0.009    0.648   45.277    0.094   -5.257
 5.36000  -20.390   -9.360   -3.795   -9.320  -13.559   57.268   90.290   60.482   -1.314    0.454    0.459    0.095   -0.011    0.646   45.309    0.096   -6.465
 5.36500  -20.267   -9.370   -3.819   -9.329  -13.537   57.377   89.938   60.608   -1.589    0.453    0.458    0.096   -0.013    0.644   45.362    0.097   -7.695
 5.37000  -20.144   -9.381   -3.843   -9.339  -13.514   57.485   89.586   60.733   -1.863    0.451    0.458    0.097   -0.015    0.642   45.414    0.098   -8.883
 5.37500  -20.018   -9.392   -3.867   -9.348  -13.492   57.591   89.234   60.856   -2.136    0.449    0.457    0.098   -0.017    0.641   45.466    0.100  -10.029
 5.38000  -19.892   -9.402   -3.891   -9.357  -13.470   57.696   88.883   60.978   -2.410    0.448    0.456    0.099   -0.020    0.639   45.518    0.101  -11.136
 5.38500  -19.796   -9.406   -3.913   -9.360  -13.444   57.748   88.535   61.051   -2.683    0.446    0.455    0.100   -0.022    0.637   45.589    0.102  -12.263
 5.39000  -19.698   -9.409   -3.935   -9.362  -13.418   57.798   88.188   61.124   -2.956    0.444    0.455    0.101   -0.024    0.636   45.661    0.104  -13.357
 5.39500  -19.598   -9.413   -3.958   -9.365  -13.392   57.848   87.842   61.195   -3.227    0.443    0.454    0.101   -0.026    0.634   45.732    0.105  -14.419
 5.40000  -19.497   -9.416   -3.980   -9.367  -13.366   57.897   87.497   61.266   -3.498    0.441    0.453    0.102   -0.028    0.632   45.803    0.106  -15.449
 5.40500  -19.424   -9.412   -4.000   -9.363  -13.336   57.893   87.164   61.288   -3.762    0.439    0.453    0.102   -0.030    0.631   45.892    0.107  -16.496
 5.41000  -19.349   -9.409   -4.019   -9.358  -13.307   57.889   86.831   61.310   -4.024    0.437    0.453    0.103   -0.032    0.630   45.981    0.108  -17.517
 5.41500  -19.272   -9.405   -4.039   -9.353  -13.277   57.885   86.500   61.332   -4.286    0.436    0.452    0.103   -0.035    0.628   46.069    0.109  -18.513
 5.42000  -19.193   -9.401   -4.059   -9.349  -13.248   57.881   86.170   61.353   -4.546    0.434    0.452    0.103   -0.037    0.627   46.158    0.110  -19.484
 5.42500  -19.142   -9.390   -4.075   -9.337  -13.215   57.827   85.859   61.328   -4.792    0.432    0.452    0.103   -0.039    0.625   46.262    0.110  -20.466
 5.43000  -19.088   -9.379   -4.092   -9.325  -13.182   57.773   85.549   61.304   -5.038    0.431    0.452    0.103   -0.041    0.624   46.366    0.111  -21.429
 5.43500  -19.031   -9.369   -4.109   -9.314  -13.150   57.719   85.241   61.280   -5.281    0.429    0.452    0.103   -0.043    0.623   46.470    0.112  -22.373
 5.44000  -18.972   -9.358   -4.126   -9.303  -13.117   57.665   84.934   61.256   -5.524    0.427    0.452    0.103   -0.045    0.622   46.574    0.113  -23.297
 5.44500  -18.940   -9.340   -4.140   -9.284  -13.082   57.567   84.652   61.190   -5.747    0.426    0.452    0.103   -0.046    0.621   46.690    0.113  -24.225
 5.45000  -18.905   -9.322   -4.153   -9.266  -13.046   57.468   84.371   61.124   -5.968    0.424    0.452    0.103   -0.048    0.620   46.807    0.113  -25.140
 5.45500  -18.867   -9.305   -4.167   -9.248  -13.011   57.371   84.092   61.059   -6.188    0.423    0.452    0.102   -0.050    0.619   46.923    0.114  -26.041
 5.46000  -18.827   -9.287   -4.180   -9.230  -12.976   57.274   83.814   60.994   -6.407    0.421    0.452    0.102   -0.052    0.618   47.039    0.114  -26.929
 5.46500  -18.812   -9.263   -4.190   -9.205  -12.938   57.137   83.567   60.893   -6.601    0.420    0.453    0.101   -0.053    0.617   47.165    0.115  -27.811
 5.47000  -18.795   -9.239   -4.201   -9.181  -12.901   57.001   83.320   60.792   -6.795    0.418    0.453    0.101   -0.055    0.617   47.290    0.115  -28.686
 5.47500  -18.775   -9.215   -4.211   -9.157  -12.863   56.865   83.075   60.691   -6.987    0.417    0.453    0.100   -0.057    0.616   47.415    0.115  -29.552
 5.48000  -18.752   -9.191   -4.221   -9.132  -12.826   56.731   82.831   60.592   -7.178    0.415    0.454    0.100   -0.058    0.615   47.540    0.115  -30.409
 5.48500  -18.753   -9.160   -4.227   -9.102  -12.786   56.563   82.622   60.461   -7.340    0.414    0.454    0.099   -0.060    0.615   47.671    0.115  -31.253
 5.49000  -18.752   -9.130   -4.234   -9.072  -12.747   56.396   82.413   60.331   -7.501    0.413    0.455    0.098   -0.061    0.614   47.801    0.115  -32.094
 5.49500  -18.748   -9.101   -4.240   -9.042  -12.708   56.231   82.205   60.202   -7.662    0.411    0.456    0.097   -0.063    0.614   47.932    0.115  -32.931
 5.50000  -18.742   -9.071   -4.247   -9.013  -12.669   56.066   81.998   60.074   -7.822    0.410    0.456    0.096   -0.064    0.613   48.062    0.116  -33.763
 5.50500  -18.759   -9.035   -4.249   -8.977  -12.628   55.874   81.829   59.920   -7.951    0.409    0.457    0.095   -0.065    0.613   48.194    0.115  -34.574
 5.51000  -18.773   -9.000   -4.252   -8.942  -12.588   55.683   81.660   59.768   -8.079    0.408    0.458    0.094   -0.067    0.613   48.326    0.115  -35.386
 5.51500  -18.785   -8.965   -4.255   -8.907  -12.547   55.494   81.492   59.616   -8.207    0.406    0.459    0.093   -0.068    0.613   48.458    0.115  -36.199
 5.52000  -18.795   -8.930   -4.258   -8.873  -12.507   55.306   81.324   59.465   -8.335    0.405    0.459    0.092   -0.069    0.613   48.590    0.115  -37.011
 5.52500  -18.826   -8.890   -4.257   -8.833  -12.466   55.097   81.195   59.295   -8.429    0.404    0.460    0.090   -0.070    0.613   48.719    0.114  -37.794
 5.53000  -18.856   -8.851   -4.256   -8.794  -12.425   54.889   81.067   59.125   -8.524    0.403    0.461    0.089   -0.071    0.613   48.849    0.114  -38.582
 5.53500  -18.883   -8.811   -4.255   -8.755  -12.384   54.682   80.938   58.957   -8.618    0.402    0.462    0.088   -0.072    0.613   48.979    0.114  -39.375
 5.54000  -18.908   -8.772   -4.254   -8.716  -12.343   54.477   80.809   58.789   -8.713    0.401    0.463    0.087   -0.073    0.613   49.108    0.113  -40.171
 5.54500  -18.954   -8.728   -4.250   -8.673  -12.302   54.257   80.721   58.607   -8.774    0.400    0.464    0.085   -0.074    0.613   49.233    0.113  -40.931
 5.55000  -18.997   -8.685   -4.246   -8.630  -12.260   54.038   80.632   58.426   -8.836    0.400    0.465    0.084   -0.075    0.613   49.357    0.112  -41.699
 5.55500  -19.039   -8.641   -4.242   -8.587  -12.219   53.820   80.543   58.246   -8.897    0.399    0.466    0.082   -0.075    0.614   49.481    0.112  -42.476
 5.56000  -19.079   -8.598   -4.237   -8.544  -12.178   53.603   80.453   58.067   -8.960    0.398    0.468    0.081   -0.076    0.614   49.605    0.111  -43.261
 5.56500  -19.139   -8.552   -4.230   -8.498  -12.137   53.378   80.403   57.879   -8.989    0.397    0.469    0.079   -0.077    0.614   49.720    0.110  -44.001
 5.57000  -19.198   -8.505   -4.223   -8.453  -12.096   53.153   80.352   57.691   -9.019    0.397    0.470    0.078   -0.077    0.615   49.836    0.110  -44.754
 5.57500  -19.254   -8.459   -4.215   -8.407  -12.056   52.929   80.300   57.504   -9.049    0.396    0.471    0.076   -0.078    0.616   49.951    0.109  -45.520
 5.58000  -19.309   -8.413   -4.208   -8.362  -12.015   52.706   80.248   57.318   -9.080    0.395    0.472    0.075   -0.078    0.616   50.067    0.108  -46.297
 5.58500  -19.383   -8.364   -4.198   -8.314  -11.975   52.480   80.234   57.127   -9.079    0.395    0.474    0.073   -0.079    0.617   50.171    0.107  -47.024
 5.59000  -19.456   -8.315   -4.188   -8.266  -11.934   52.254   80.220   56.937   -9.079    0.395    0.475    0.072   -0.079    0.617   50.276    0.106  -47.766
 5.59500  -19.527   -8.267   -4.177   -8.218  -11.894   52.029   80.204   56.747   -9.080    0.394    0.476    0.070   -0.079    0.618   50.380    0.106  -48.524
 5.60000  -19.597   -8.218   -4.167   -8.170  -11.854   51.805   80.187   56.557   -9.082    0.394    0.477    0.068   -0.079    0.619   50.485    0.105  -49.299
 5.60500  -19.686   -8.168   -4.155   -8.121  -11.815   51.581   80.207   56.367   -9.053    0.394    0.479    0.067   -0.079    0.620   50.576    0.104  -50.017
 5.61000  -19.774   -8.117   -4.142   -8.071  -11.776   51.358   80.226   56.177   -9.026    0.393    0.480    0.065   -0.079    0.621   50.668    0.103  -50.754
 5.61500  -19.861   -8.067   -4.130   -8.022  -11.737   51.136   80.244   55.987   -8.999    0.393    0.481    0.063   -0.080    0.622   50.760    0.102  -51.511
 5.62000  -19.946   -8.017   -4.117   -7.973  -11.698   50.913   80.261   55.798   -8.974    0.393    0.483    0.062   -0.080    0.623   50.851    0.101  -52.288
 5.62500  -20.050   -7.965   -4.102   -7.922  -11.660   50.696   80.311   55.610   -8.920    0.393    0.484    0.060   -0.079    0.624   50.929    0.099  -53.004
 5.63000  -20.153   -7.914   -4.088   -7.872  -11.622   50.479   80.361   55.423   -8.868    0.393    0.485    0.058   -0.079    0.625   51.007    0.098  -53.742
 5.63500  -20.256   -7.863   -4.073   -7.821  -11.584   50.261   80.409   55.236   -8.816    0.393    0.487    0.056   -0.079    0.626   51.084    0.097  -54.504
 5.64000  -20.358   -7.812   -4.059   -7.771  -11.547   50.044   80.457   55.049   -8.766    0.393    0.488    0.055   -0.079    0.627   51.162    0.096  -55.290
 5.64500  -20.477   -7.760   -4.043   -7.720  -11.510   49.835   80.535   54.867   -8.690    0.393    0.489    0.053   -0.078    0.628   51.225    0.095  -56.011
 5.65000  -20.597   -7.708   -4.027   -7.670  -11.474   49.626   80.613   54.685   -8.615    0.393    0.491    0.051   -0.078    0.629   51.288    0.093  -56.759
 5.65500  -20.717   -7.656   -4.010   -7.619  -11.438   49.417   80.689   54.502   -8.541    0.394    0.492    0.049   -0.078    0.630   51.350    0.092  -57.534
 5.66000  -20.836   -7.604   -3.994   -7.568  -11.402   49.208   80.765   54.319   -8.468    0.394    0.494    0.048   -0.077    0.631   51.413    0.091  -58.336
 5.66500  -20.973   -7.552   -3.977   -7.518  -11.367   49.009   80.868   54.143   -8.371    0.394    0.495    0.046   -0.077    0.633   51.461    0.089  -59.073
 5.67000  -21.111   -7.500   -3.960   -7.467  -11.332   48.809   80.971   53.967   -8.276    0.395    0.496    0.044   -0.076    0.634   51.509    0.088  -59.839
 5.67500  -21.249   -7.449   -3.942   -7.416  -11.298   48.610   81.073   53.790   -8.182    0.395    0.497    0.042   -0.075    0.635   51.557    0.087  -60.637
 5.68000  -21.387   -7.397   -3.925   -7.366  -11.263   48.410   81.173   53.613   -8.089    0.395    0.499    0.041   -0.075    0.636   51.605    0.085  -61.468
 5.68500  -21.543   -7.346   -3.907   -7.315  -11.230   48.222   81.300   53.444   -7.974    0.396    0.500    0.039   -0.074    0.638   51.638    0.084  -62.232
 5.69000  -21.700   -7.294   -3.888   -7.265  -11.197   48.034   81.425   53.275   -7.861    0.396    0.501    0.037   -0.073    0.639   51.671    0.082  -63.030
 5.69500  -21.859   -7.243   -3.870   -7.214  -11.165   47.846   81.549   53.105   -7.749    0.397    0.503    0.036   -0.072    0.640   51.704    0.081  -63.866
 5.70000  -22.018   -7.192   -3.852   -7.164  -11.132   47.657   81.672   52.934   -7.638    0.397    0.504    0.034   -0.072    0.642   51.737    0.079  -64.740
 5.70500  -22.196   -7.141   -3.833   -7.115  -11.101   47.481   81.819   52.773   -7.507    0.398    0.505    0.032   -0.071    0.643   51.756    0.078  -65.546
 5.71000  -22.375   -7.090   -3.814   -7.065  -11.070   47.305   81.964   52.612   -7.378    0.399    0.506    0.030   -0.070    0.645   51.774    0.076  -66.395
 5.71500  -22.557   -7.040   -3.796   -7.016  -11.039   47.129   82.108   52.449   -7.249    0.400    0.508    0.029   -0.069    0.646   51.793    0.075  -67.286
 5.72000  -22.739   -6.989   -3.777   -6.966  -11.008   46.952   82.252   52.286   -7.122    0.400    0.509    0.027   -0.068    0.647   51.812    0.073  -68.225
 5.72500  -22.942   -6.940   -3.758   -6.917  -10.979   46.789   82.416   52.132   -6.978    0.401    0.510    0.025   -0.067    0.649   51.817    0.071  -69.097
 5.73000  -23.147   -6.890   -3.739   -6.869  -10.949   46.625   82.579   51.978   -6.834    0.402    0.511    0.024   -0.065    0.650   51.822    0.070  -70.020
 5.73500  -23.354   -6.840   -3.720   -6.820  -10.920   46.461   82.741   51.824   -6.691    0.403    0.512    0.022   -0.064    0.652   51.827    0.068  -70.996
 5.74000  -23.565   -6.791   -3.701   -6.772  -10.891   46.296   82.902   51.668   -6.549    0.404    0.513    0.020   -0.063    0.653   51.833    0.066  -72.028
 5.74500  -23.796   -6.743   -3.681   -6.724  -10.864   46.146   83.082   51.522   -6.392    0.405    0.515    0.019   -0.062    0.655   51.825    0.065  -73.000
 5.75000  -24.030   -6.694   -3.662   -6.677  -10.836   45.995   83.260   51.376   -6.236    0.406    0.516    0.017   -0.060    0.656   51.817    0.063  -74.034
 5.75500  -24.269   -6.646   -3.643   -6.630  -10.809   45.844   83.438   51.229   -6.081    0.406    0.517    0.016   -0.059    0.657   51.810    0.061  -75.135
 5.76000  -24.511   -6.598   -3.624   -6.583  -10.782   45.692   83.616   51.081   -5.926    0.407    0.518    0.014   -0.058    0.659   51.802    0.059  -76.307
 5.76500  -24.775   -6.551   -3.605   -6.537  -10.756   45.554   83.809   50.944   -5.758    0.408    0.519    0.013   -0.056    0.660   51.783    0.058  -77.429
 5.77000  -25.045   -6.504   -3.586   -6.491  -10.731   45.416   84.001   50.805   -5.590    0.410    0.520    0.011   -0.055    0.662   51.764    0.056  -78.631
 5.77500  -25.320   -6.457   -3.567   -6.445  -10.705   45.278   84.193   50.666   -5.424    0.411    0.521    0.009   -0.053    0.663   51.745    0.054  -79.919
 5.78000  -25.599   -6.411   -3.548   -6.399  -10.680   45.138   84.385   50.525   -5.257    0.412    0.522    0.008   -0.052    0.665   51.725    0.052  -81.303
 5.78500  -25.903   -6.365   -3.529   -6.354  -10.656   45.014   84.590   50.395   -5.079    0.413    0.523    0.006   -0.050    0.666   51.695    0.051  -82.654
 5.79000  -26.214   -6.320   -3.510   -6.310  -10.632   44.888   84.794   50.264   -4.902    0.414    0.524    0.005   -0.049    0.668   51.665    0.049  -84.113
 5.79500  -26.530   -6.275   -3.492   -6.265  -10.608   44.762   84.998   50.132   -4.725    0.415    0.525    0.004   -0.047    0.669   51.635    0.047  -85.693
 5.80000  -26.852   -6.230   -3.473   -6.221  -10.584   44.635   85.202   49.999   -4.548    0.416    0.525    0.002   -0.045    0.670   51.605    0.045  -87.403
 5.80500  -27.202   -6.186   -3.455   -6.178  -10.562   44.523   85.418   49.877   -4.361    0.418    0.526  6.7e-04   -0.044    0.672   51.566    0.044  -89.116
 5.81000  -27.559   -6.143   -3.436   -6.135  -10.540   44.410   85.633   49.753   -4.174    0.419    0.527 -7.2e-04   -0.042    0.673   51.526    0.042  -90.984
 5.81500  -27.922   -6.099   -3.418   -6.092  -10.518   44.296   85.848   49.629   -3.988    0.420    0.528   -0.002   -0.040    0.675   51.486    0.040  -93.025
 5.82000  -28.289   -6.056   -3.400   -6.049  -10.496   44.182   86.063   49.503   -3.802    0.421    0.529   -0.004   -0.038    0.676   51.447    0.039  -95.258
 5.82500  -28.686   -6.014   -3.382   -6.008  -10.475   44.082   86.287   49.388   -3.607    0.423    0.529   -0.005   -0.036    0.678   51.398    0.037  -97.556
 5.83000  -29.087   -5.972   -3.364   -5.967  -10.454   43.981   86.512   49.271   -3.412    0.424    0.530   -0.006   -0.035    0.679   51.350    0.035 -100.088
 5.83500  -29.490   -5.930   -3.346   -5.925  -10.434   43.879   86.736   49.154   -3.218    0.425    0.531   -0.007   -0.033    0.680   51.301    0.034 -102.880
 5.84000  -29.889   -5.888   -3.328   -5.884  -10.413   43.777   86.961   49.035   -3.023    0.427    0.532   -0.009   -0.031    0.682   51.253    0.032 -105.957
 5.84500  -30.315   -5.848   -3.311   -5.844  -10.394   43.688   87.193   48.926   -2.821    0.428    0.532   -0.010   -0.029    0.683   51.197    0.030 -109.207
 5.85000  -30.732   -5.808   -3.293   -5.805  -10.375   43.599   87.426   48.817   -2.618    0.429    0.533   -0.011   -0.027    0.684   51.141    0.029 -112.805
 5.85500  -31.132   -5.768   -3.276   -5.765  -10.356   43.509   87.659   48.706   -2.416    0.431    0.534   -0.013   -0.025    0.686   51.084    0.028 -116.776
 5.86000  -31.505   -5.729   -3.259   -5.725  -10.337   43.418   87.892   48.594   -2.214    0.432    0.534   -0.014   -0.023    0.687   51.028    0.027 -121.138
 5.86500  -31.881   -5.690   -3.242   -5.687  -10.319   43.341   88.132   48.492   -2.005    0.434    0.535   -0.015   -0.021    0.688   50.965    0.025 -125.794
 5.87000  -32.211   -5.652   -3.225   -5.650  -10.302   43.263   88.372   48.388   -1.795    0.435    0.535   -0.016   -0.019    0.690   50.902    0.025 -130.869
 5.87500  -32.480   -5.614   -3.209   -5.612  -10.284   43.184   88.612   48.284   -1.586    0.436    0.536   -0.017   -0.016    0.691   50.839    0.024 -136.330
 5.88000  -32.672   -5.576   -3.192   -5.574  -10.266   43.105   88.853   48.179   -1.376    0.438    0.536   -0.018   -0.014    0.692   50.776    0.023 -142.115
 5.88500  -32.822   -5.539   -3.176   -5.537  -10.250   43.038   89.099   48.083   -1.161    0.439    0.537   -0.019   -0.012    0.694   50.707    0.023 -148.124
 5.89000  -32.877   -5.503   -3.160   -5.501  -10.234   42.971   89.345   47.986   -0.945    0.441    0.537   -0.020   -0.010    0.695   50.638    0.023 -154.305
 5.89500  -32.830   -5.467   -3.144   -5.464  -10.217   42.903   89.592   47.888   -0.729    0.442    0.538   -0.022   -0.008    0.696   50.569    0.023 -160.521
 5.90000  -32.685   -5.430   -3.128   -5.428  -10.201   42.835   89.839   47.789   -0.513    0.444    0.538   -0.023   -0.005    0.698   50.500    0.023 -166.630
 5.90500  -32.488   -5.396   -3.112   -5.393  -10.186   42.778   90.091   47.699   -0.292    0.445    0.539   -0.024   -0.003    0.699   50.425    0.024 -172.596
 5.91000  -32.209   -5.361   -3.097   -5.359  -10.171   42.721   90.343   47.607   -0.070    0.447    0.539   -0.025 -7.4e-04    0.700   50.351    0.025 -178.271
 5.91500  -31.860   -5.327   -3.081   -5.324  -10.156   42.664   90.595   47.515    0.151    0.448    0.539   -0.025    0.002    0.701   50.276    0.026  176.422
 5.92000  -31.458   -5.292   -3.066   -5.289  -10.141   42.606   90.848   47.422    0.374    0.450    0.540   -0.026    0.004    0.703   50.202    0.027  171.529
 5.92500  -31.046   -5.259   -3.051   -5.256  -10.127   42.559   91.105   47.338    0.601    0.451    0.540   -0.027    0.006    0.704   50.123    0.028  166.934
 5.93000  -30.602   -5.227   -3.036   -5.223  -10.113   42.512   91.362   47.253    0.828    0.453    0.540   -0.028    0.009    0.705   50.044    0.030  162.746
 5.93500  -30.139   -5.194   -3.021   -5.190  -10.099   42.464   91.620   47.166    1.055    0.454    0.541   -0.029    0.011    0.706   49.965    0.031  158.950
 5.94000  -29.666   -5.161   -3.006   -5.157  -10.085   42.416   91.878   47.079    1.284    0.456    0.541   -0.030    0.014    0.707   49.886    0.033  155.521
 5.94500  -29.207   -5.130   -2.992   -5.125  -10.072   42.379   92.139   47.000    1.516    0.457    0.541   -0.031    0.016    0.709   49.803    0.035  152.304
 5.95000  -28.746   -5.099   -2.978   -5.093  -10.059   42.341   92.401   46.920    1.748    0.459    0.541   -0.031    0.019    0.710   49.720    0.037  149.390
 5.95500  -28.288   -5.068   -2.964   -5.062  -10.046   42.303   92.663   46.839    1.981    0.460    0.542   -0.032    0.021    0.711   49.637    0.039  146.749
 5.96000  -27.836   -5.037   -2.949   -5.030  -10.033   42.265   92.926   46.758    2.215    0.462    0.542   -0.033    0.024    0.712   49.554    0.041  144.354
 5.96500  -27.404   -5.008   -2.936   -5.000  -10.022   42.237   93.191   46.684    2.452    0.463    0.542   -0.034    0.026    0.713   49.467    0.043  142.072
 5.97000  -26.979   -4.978   -2.922   -4.970  -10.010   42.208   93.457   46.609    2.689    0.465    0.542   -0.034    0.029    0.714   49.381    0.045  139.988
 5.97500  -26.562   -4.949   -2.909   -4.940   -9.998   42.179   93.723   46.534    2.927    0.467    0.542   -0.035    0.031    0.715   49.294    0.047  138.081
 5.98000  -26.156   -4.920   -2.895   -4.909   -9.986   42.150   93.991   46.458    3.166    0.468    0.542   -0.036    0.034    0.717   49.208    0.049  136.330
 5.98500  -25.767   -4.892   -2.882   -4.881   -9.975   42.130   94.259   46.389    3.408    0.470    0.543   -0.036    0.037    0.718   49.118    0.051  134.635
 5.99000  -25.388   -4.865   -2.869   -4.852   -9.964   42.110   94.529   46.319    3.650    0.471    0.543   -0.037    0.039    0.719   49.029    0.054  133.068
 5.99500  -25.017   -4.837   -2.856   -4.823   -9.953   42.090   94.799   46.249    3.893    0.473    0.543   -0.037    0.042    0.720   48.939    0.056  131.617
 6.00000  -24.656   -4.810   -2.843   -4.795   -9.942   42.069   95.071   46.178    4.137    0.474    0.543   -0.038    0.045    0.721   48.850    0.059  130.270
 6.00500  -24.311   -4.784   -2.831   -4.767   -9.932   42.058   95.343   46.114    4.383    0.476    0.543   -0.038    0.047    0.722   48.758    0.061  128.946
 6.01000  -23.973   -4.758   -2.818   -4.740   -9.922   42.046   95.615   46.050    4.630    0.477    0.543   -0.039    0.050    0.723   48.666    0.063  127.710
 6.01500  -23.644   -4.732   -2.806   -4.713   -9.912   42.034   95.889   45.985    4.878    0.479    0.543   -0.039    0.053    0.724   48.574    0.066  126.552
 6.02000  -23.322   -4.706   -2.793   -4.685   -9.902   42.022   96.164   45.919    5.126    0.481    0.543   -0.040    0.056    0.725   48.482    0.068  125.466
 6.02500  -23.014   -4.681   -2.782   -4.659   -9.892   42.018   96.439   45.860    5.377    0.482    0.543   -0.040    0.058    0.726   48.388    0.071  124.387
 6.03000  -22.712   -4.657   -2.770   -4.633   -9.883   42.014   96.715   45.800    5.628    0.484    0.543   -0.040    0.061    0.727   48.293    0.073  123.370
 6.03500  -22.417   -4.632   -2.758   -4.607   -9.874   42.010   96.992   45.739    5.881    0.485    0.543   -0.041    0.064    0.728   48.199    0.076  122.409
 6.04000  -22.129   -4.608   -2.746   -4.581   -9.865   42.006   97.270   45.679    6.134    0.487    0.543   -0.041    0.067    0.729   48.105    0.078  121.499
 6.04500  -21.852   -4.585   -2.735   -4.557   -9.856   42.009   97.548   45.624    6.388    0.488    0.542   -0.041    0.070    0.730   48.009    0.081  120.588
 6.05000  -21.581   -4.562   -2.724   -4.532   -9.847   42.013   97.827   45.569    6.644    0.490    0.542   -0.041    0.072    0.731   47.913    0.083  119.722
 6.05500  -21.315   -4.540   -2.712   -4.507   -9.839   42.017   98.107   45.513    6.901    0.491    0.542   -0.042    0.075    0.732   47.817    0.086  118.898
 6.06000  -21.055   -4.517   -2.701   -4.483   -9.830   42.020   98.388   45.457    7.158    0.493    0.542   -0.042    0.078    0.733   47.721    0.089  118.111
 6.06500  -20.804   -4.495   -2.690   -4.459   -9.822   42.031   98.669   45.407    7.417    0.494    0.542   -0.042    0.081    0.734   47.624    0.091  117.320
 6.07000  -20.557   -4.474   -2.679   -4.436   -9.815   42.042   98.950   45.357    7.677    0.496    0.542   -0.042    0.084    0.735   47.527    0.094  116.563
 6.07500  -20.316   -4.453   -2.669   -4.412   -9.807   42.053   99.233   45.306    7.938    0.498    0.542   -0.042    0.087    0.735   47.429    0.096  115.837
 6.08000  -20.079   -4.431   -2.658   -4.389   -9.799   42.063   99.517   45.254    8.200    0.499    0.541   -0.042    0.090    0.736   47.332    0.099  115.141
 6.08500  -19.850   -4.412   -2.648   -4.366   -9.791   42.081   99.800   45.209    8.462    0.501    0.541   -0.042    0.093    0.737   47.233    0.102  114.437
 6.09000  -19.626   -4.392   -2.637   -4.344   -9.784   42.099  100.084   45.163    8.726    0.502    0.541   -0.042    0.096    0.738   47.134    0.104  113.761
 6.09500  -19.405   -4.372   -2.627   -4.322   -9.777   42.117  100.370   45.117    8.991    0.504    0.541   -0.042    0.099    0.739   47.036    0.107  113.108
 6.10000  -19.188   -4.352   -2.617   -4.299   -9.770   42.135  100.656   45.070    9.257    0.505    0.541   -0.042    0.101    0.740   46.937    0.110  112.478
 6.10500  -18.978   -4.333   -2.607   -4.278   -9.763   42.159  100.942   45.028    9.524    0.507    0.540   -0.042    0.104    0.741   46.837    0.112  111.842
 6.11000  -18.771   -4.315   -2.597   -4.257   -9.756   42.184  101.229   44.987    9.792    0.508    0.540   -0.042    0.107    0.742   46.738    0.115  111.226
 6.11500  -18.568   -4.297   -2.587   -4.236   -9.750   42.208  101.517   44.945   10.061    0.510    0.540   -0.042    0.110    0.742   46.638    0.118  110.629
 6.12000  -18.368   -4.278   -2.577   -4.214   -9.743   42.233  101.806   44.903   10.331    0.511    0.539   -0.041    0.113    0.743   46.538    0.121  110.051
 6.12500  -18.174   -4.261   -2.568   -4.194   -9.737   42.264  102.094   44.866   10.601    0.513    0.539   -0.041    0.116    0.744   46.438    0.123  109.466
 6.13000  -17.983   -4.244   -2.559   -4.174   -9.731   42.295  102.383   44.828   10.873    0.514    0.539   -0.041    0.119    0.745   46.337    0.126  108.897
 6.13500  -17.795   -4.227   -2.549   -4.154   -9.724   42.326  102.674   44.791   11.146    0.516    0.539   -0.041    0.122    0.746   46.237    0.129  108.345
 6.14000  -17.610   -4.210   -2.540   -4.134   -9.718   42.357  102.965   44.753   11.419    0.517    0.538   -0.040    0.125    0.746   46.136    0.132  107.807
 6.14500  -17.430   -4.194   -2.531   -4.115   -9.713   42.394  103.255   44.720   11.694    0.519    0.538   -0.040    0.128    0.747   46.035    0.134  107.262
 6.15000  -17.252   -4.178   -2.522   -4.096   -9.707   42.431  103.547   44.687   11.969    0.520    0.537   -0.040    0.131    0.748   45.934    0.137  106.732
 6.15500  -17.077   -4.162   -2.513   -4.076   -9.701   42.469  103.840   44.654   12.246    0.522    0.537   -0.039    0.134    0.749   45.833    0.140  106.214
 6.16000  -16.905   -4.147   -2.504   -4.057   -9.696   42.506  104.134   44.620   12.523    0.523    0.537   -0.039    0.137    0.750   45.732    0.143  105.708
 6.16500  -16.737   -4.132   -2.495   -4.039   -9.690   42.549  104.426   44.591   12.801    0.525    0.536   -0.038    0.140    0.750   45.630    0.146  105.197
 6.17000  -16.572   -4.118   -2.487   -4.021   -9.685   42.593  104.720   44.563   13.081    0.526    0.536   -0.038    0.144    0.751   45.529    0.148  104.697
 6.17500  -16.409   -4.103   -2.478   -4.003   -9.680   42.636  105.015   44.533   13.361    0.528    0.536   -0.037    0.147    0.752   45.427    0.151  104.207
 6.18000  -16.248   -4.089   -2.470   -3.985   -9.675   42.680  105.312   44.504   13.642    0.529    0.535   -0.037    0.150    0.753   45.326    0.154  103.728
 6.18500  -16.091   -4.076   -2.462   -3.967   -9.670   42.729  105.607   44.480   13.924    0.531    0.535   -0.036    0.153    0.753   45.224    0.157  103.244
 6.19000  -15.936   -4.062   -2.453   -3.950   -9.665   42.778  105.903   44.455   14.207    0.532    0.534   -0.035    0.156    0.754   45.122    0.160  102.769
 6.19500  -15.783   -4.049   -2.445   -3.933   -9.660   42.827  106.200   44.430   14.490    0.533    0.534   -0.035    0.159    0.755   45.020    0.162  102.303
 6.20000  -15.632   -4.036   -2.437   -3.916   -9.656   42.876  106.499   44.405   14.776    0.535    0.533   -0.034    0.162    0.755   44.918    0.165  101.845
 6.20500  -15.485   -4.024   -2.429   -3.899   -9.651   42.931  106.796   44.384   15.061    0.536    0.533   -0.033    0.165    0.756   44.816    0.168  101.383
 6.21000  -15.339   -4.012   -2.421   -3.883   -9.647   42.986  107.094   44.364   15.347    0.538    0.532   -0.032    0.168    0.757   44.714    0.171  100.929
 6.21500  -15.196   -4.000   -2.414   -3.867   -9.642   43.041  107.394   44.343   15.635    0.539    0.532   -0.032    0.171    0.757   44.612    0.174  100.483
 6.22000  -15.054   -3.988   -2.406   -3.850   -9.638   43.096  107.695   44.322   15.923    0.541    0.531   -0.031    0.174    0.758   44.510    0.177  100.044
 6.22500  -14.915   -3.977   -2.398   -3.835   -9.634   43.156  107.994   44.305   16.212    0.542    0.531   -0.030    0.177    0.759   44.407    0.180   99.601
 6.23000  -14.778   -3.966   -2.391   -3.819   -9.630   43.216  108.295   44.288   16.502    0.543    0.530   -0.029    0.180    0.759   44.305    0.182   99.165
 6.23500  -14.643   -3.955   -2.383   -3.804   -9.626   43.277  108.597   44.272   16.793    0.545    0.530   -0.028    0.183    0.760   44.203    0.185   98.735
 6.24000  -14.509   -3.945   -2.376   -3.788   -9.622   43.338  108.900   44.255   17.085    0.546    0.529   -0.027    0.186    0.761   44.101    0.188   98.312
 6.24500  -14.378   -3.935   -2.369   -3.773   -9.618   43.403  109.201   44.242   17.377    0.548    0.529   -0.026    0.189    0.761   43.998    0.191   97.885
 6.25000  -14.249   -3.925   -2.361   -3.759   -9.615   43.469  109.504   44.229   17.670    0.549    0.528   -0.025    0.192    0.762   43.896    0.194   97.464
 6.25500  -14.121   -3.915   -2.354   -3.744   -9.611   43.535  109.808   44.217   17.965    0.550    0.528   -0.024    0.195    0.763   43.794    0.197   97.049
 6.26000  -13.994   -3.906   -2.347   -3.729   -9.607   43.601  110.114   44.204   18.261    0.552    0.527   -0.023    0.198    0.763   43.692    0.200   96.639
 6.26500  -13.871   -3.897   -2.340   -3.715   -9.604   43.672  110.418   44.195   18.556    0.553    0.527   -0.022    0.201    0.764   43.589    0.203   96.226
 6.27000  -13.748   -3.888   -2.333   -3.701   -9.600   43.743  110.723   44.186   18.853    0.555    0.526   -0.021    0.204    0.764   43.487    0.205   95.819
 6.27500  -13.627   -3.880   -2.327   -3.687   -9.597   43.814  111.030   44.178   19.151    0.556    0.525   -0.020    0.207    0.765   43.385    0.208   95.416
 6.28000  -13.507   -3.871   -2.320   -3.673   -9.594   43.886  111.337   44.169   19.450    0.557    0.525   -0.018    0.210    0.766   43.283    0.211   95.018
 6.28500  -13.390   -3.864   -2.313   -3.660   -9.591   43.962  111.643   44.164   19.749    0.559    0.524   -0.017    0.213    0.766   43.181    0.214   94.618
 6.29000  -13.274   -3.856   -2.306   -3.647   -9.588   44.038  111.951   44.159   20.049    0.560    0.524   -0.016    0.216    0.767   43.078    0.217   94.222
 6.29500  -13.159   -3.849   -2.300   -3.634   -9.584   44.115  112.260   44.154   20.351    0.561    0.523   -0.015    0.219    0.767   42.976    0.220   93.830
 6.30000  -13.045   -3.841   -2.293   -3.620   -9.581   44.192  112.570   44.150   20.653    0.563    0.523   -0.013    0.222    0.768   42.874    0.223   93.443

