 I, Theta, MIN, A_dB, MAX, F_error, WEIGHT = 
 (F_error = Function value at the solution)
  -90.000000  -99.000000  -50.167945  -35.000000     .000977    2.000000
  -89.000000  -99.000000  -49.854909  -35.000000     .000983    2.000000
  -88.000000  -99.000000  -49.580417  -35.000000     .000988    2.000000
  -87.000000  -99.000000  -49.344393  -35.000000     .000993    2.000000
  -86.000000  -99.000000  -49.143753  -35.000000     .000997    2.000000
  -85.000000  -99.000000  -48.971429  -35.000000     .001001    2.000000
  -84.000000  -99.000000  -48.820897  -35.000000     .001004    2.000000
  -83.000000  -99.000000  -48.690252  -35.000000     .001006    2.000000
  -82.000000  -99.000000  -48.579374  -35.000000     .001008    2.000000
  -81.000000  -99.000000  -48.482668  -35.000000     .001010    2.000000
  -80.000000  -99.000000  -48.385208  -35.000000     .001012    2.000000
  -79.000000  -99.000000  -48.266228  -35.000000     .001015    2.000000
  -78.000000  -99.000000  -48.105885  -35.000000     .001018    2.000000
  -77.000000  -99.000000  -47.888930  -35.000000     .001022    2.000000
  -76.000000  -99.000000  -47.603604  -35.000000     .001028    2.000000
  -75.000000  -99.000000  -47.239532  -35.000000     .001035    2.000000
  -74.000000  -99.000000  -46.787990  -35.000000     .001044    2.000000
  -73.000000  -99.000000  -46.245038  -35.000000     .001055    2.000000
  -72.000000  -99.000000  -45.615032  -35.000000     .001068    2.000000
  -71.000000  -99.000000  -44.912157  -35.000000     .001082    2.000000
  -70.000000  -99.000000  -44.158046  -35.000000     .001097    2.000000
  -69.000000  -99.000000  -43.376569  -35.000000     .001112    2.000000
  -68.000000  -99.000000  -42.588887  -35.000000     .001128    2.000000
  -67.000000  -99.000000  -41.812549  -35.000000     .001144    2.000000
  -66.000000  -99.000000  -41.064588  -35.000000     .001159    2.000000
  -65.000000  -99.000000  -40.364488  -35.000000     .001173    2.000000
  -64.000000  -99.000000  -39.733017  -35.000000     .001185    2.000000
  -63.000000  -99.000000  -39.188661  -35.000000     .001196    2.000000
  -62.000000  -99.000000  -38.746394  -35.000000     .001205    2.000000
  -61.000000  -99.000000  -38.421577  -35.000000     .001212    2.000000
  -60.000000  -99.000000  -38.235246  -35.000000     .001215    2.000000
  -59.000000  -99.000000  -38.216459  -35.000000     .003647    6.000000
  -58.000000  -99.000000  -38.401693  -35.000000     .003636    6.000000
  -57.000000  -99.000000  -38.837015  -35.000000     .003610    6.000000
  -56.000000  -99.000000  -39.588745  -35.000000     .003565    6.000000
  -55.000000  -99.000000  -40.767328  -35.000000     .003494    6.000000
  -54.000000  -99.000000  -42.579501  -35.000000     .003385    6.000000
  -53.000000  -99.000000  -45.481576  -35.000000     .003211    6.000000
  -52.000000  -99.000000  -50.892313  -35.000000     .002886    6.000000
  -51.000000  -99.000000  -70.698420  -35.000000     .001698    6.000000
  -50.000000  -99.000000  -50.753158  -35.000000     .002895    6.000000
  -49.000000  -99.000000  -44.429427  -35.000000     .003274    6.000000
  -48.000000  -99.000000  -40.806993  -35.000000     .003492    6.000000
  -47.000000  -99.000000  -38.348366  -35.000000     .003639    6.000000
  -46.000000  -99.000000  -36.585858  -35.000000     .003745    6.000000
  -45.000000  -99.000000  -35.320008  -35.000000     .003821    6.000000
  -44.000000  -99.000000  -34.451397  -35.000000    3.291619    6.000000
  -43.000000  -99.000000  -33.925101  -35.000000    6.449396    6.000000
  -42.000000  -99.000000  -33.708348  -35.000000    7.749909    6.000000
  -41.000000  -99.000000  -33.779928  -35.000000    7.320430    6.000000
  -40.000000  -99.000000  -34.122136  -35.000000    5.267184    6.000000
  -39.000000  -99.000000  -34.708436  -35.000000    1.749382    6.000000
  -38.000000  -99.000000  -35.482688  -35.000000     .003811    6.000000
  -37.000000  -99.000000  -36.325832  -35.000000     .000627    1.000000
  -36.000000  -99.000000  -37.013986  -35.000000     .000620    1.000000
  -35.000000  -99.000000  -37.208203  -35.000000     .000618    1.000000
  -34.000000  -99.000000  -36.566477  -35.000000     .000624    1.000000
  -33.000000  -99.000000  -34.976188  -35.000000     .023812    1.000000
  -32.000000  -99.000000  -32.650284  -35.000000    2.349716    1.000000
  -31.000000  -99.000000  -29.946731  -35.000000    5.053269    1.000000
  -30.000000  -99.000000  -27.161223  -35.000000    7.838777    1.000000
  -29.000000  -28.200000  -24.467515  -27.700000    3.232485    1.000000
  -28.000000  -23.590000  -21.946571  -23.090000    1.143429    1.000000
  -27.000000  -20.210000  -19.627147  -19.710000     .082853    1.000000
  -26.000000  -17.530000  -17.513165  -17.030000     .000000    1.000000
  -25.000000  -15.300000  -15.597707  -14.800000     .297707    1.000000
  -24.000000  -13.420000  -13.869047  -12.920000     .449047    1.000000
  -23.000000  -11.810000  -12.313574  -11.310000     .503574    1.000000
  -22.000000  -10.410000  -10.917913   -9.910000     .507913    1.000000
  -21.000000   -9.190000   -9.670304   -8.690000     .480304    1.000000
  -20.000000   -8.140000   -8.560522   -7.640000     .420522    1.000000
  -19.000000   -7.220000   -7.578895   -6.720000     .358895    1.000000
  -18.000000   -6.420000   -6.715683   -5.920000    7.835607   26.500000
  -17.000000   -5.730000   -5.961343   -5.230000    6.130590   26.500000
  -16.000000   -5.150000   -5.306729   -4.650000    4.153323   26.500000
  -15.000000   -4.640000   -4.742716   -4.140000    2.721979   26.500000
  -14.000000   -4.220000   -4.259430   -3.720000    1.044902   26.500000
  -13.000000   -3.860000   -3.846084   -3.360000     .000004   26.500000
  -12.000000   -3.550000   -3.491449   -3.050000     .000016   26.500000
  -11.000000   -3.280000   -3.184410   -2.780000     .000025   26.500000
  -10.000000   -3.050000   -2.914142   -2.550000     .000036   26.500000
   -9.000000   -2.850000   -2.669977   -2.350000     .000048   26.500000
   -8.000000   -2.660000   -2.441579   -2.160000     .000058   26.500000
   -7.000000   -2.470000   -2.219501   -1.970000     .000066   26.500000
   -6.000000   -2.280000   -1.996097   -1.780000     .000075   26.500000
   -5.000000   -2.090000   -1.766747   -1.590000     .000086   26.500000
   -4.000000   -1.900000   -1.530706   -1.400000     .000098   26.500000
   -3.000000   -1.690000   -1.290780   -1.190000     .000106   26.500000
   -2.000000   -1.490000   -1.051573    -.990000     .000116   26.500000
   -1.000000   -1.290000    -.817827    -.790000     .000125   26.500000
     .000000   -1.090000    -.594592    -.590000     .000131   26.500000
    1.000000    -.910000    -.389436    -.410000     .544955   26.500000
    2.000000    -.740000    -.213904    -.240000     .691555   26.500000
    3.000000    -.610000    -.082254    -.110000     .735272   26.500000
    4.000000    -.530000    -.007741    -.030000     .589868   26.500000
    5.000000    -.500000     .000000     .000000     .000133   26.500000
    6.000000    -.530000    -.065789    -.030000     .000123   26.500000
    7.000000    -.630000    -.211646    -.130000     .000111   26.500000
    8.000000    -.800000    -.445484    -.300000     .000094   26.500000
    9.000000   -1.050000    -.775593    -.550000     .000073   26.500000
   10.000000   -1.390000   -1.208991    -.890000     .000048   26.500000
   11.000000   -1.820000   -1.751313   -1.320000     .000018   26.500000
   12.000000   -2.350000   -2.408395   -1.850000    1.547468   26.500000
   13.000000   -2.990000   -3.187515   -2.490000    5.234139   26.500000
   14.000000   -3.730000   -4.096966   -3.230000     .733933    2.000000
   15.000000   -4.600000   -5.144897   -4.100000    1.089794    2.000000
   16.000000   -5.590000   -6.339164   -5.090000    1.498328    2.000000
   17.000000   -6.720000   -7.688666   -6.220000    1.937332    2.000000
   18.000000   -7.990000   -9.204746   -7.490000    2.429492    2.000000
   19.000000   -9.420000  -10.901334   -8.920000    2.962668    2.000000
   20.000000  -11.030000  -12.793927  -10.530000    3.527854    2.000000
   21.000000  -12.820000  -14.898611  -12.320000    4.157223    2.000000
   22.000000  -14.820000  -17.231576  -14.320000    4.823152    2.000000
   23.000000  -17.060000  -19.807254  -16.560000    5.494507    2.000000
   24.000000  -19.562000  -22.631620  -19.062000    6.139241    2.000000
   25.000000  -22.368000  -25.684657  -21.868000    6.633315    2.000000
   26.000000  -25.510000  -28.883343  -25.010000    6.746686    2.000000
   27.000000  -29.003000  -32.016897  -28.503000    6.027793    2.000000
   28.000000  -99.000000  -34.683817  -35.000000     .632366    2.000000
   29.000000  -99.000000  -36.375579  -35.000000     .002505    4.000000
   30.000000  -99.000000  -36.839489  -35.000000     .002486    4.000000
   31.000000  -99.000000  -36.341880  -35.000000     .002506    4.000000
   32.000000  -99.000000  -35.403309  -35.000000     .002544    4.000000
   33.000000  -99.000000  -34.437508  -35.000000    2.249970    4.000000
   34.000000  -99.000000  -33.670526  -35.000000    5.317898    4.000000
   35.000000  -99.000000  -33.205912  -35.000000    7.176352    4.000000
   36.000000  -99.000000  -33.090334  -35.000000    7.638664    4.000000
   37.000000  -99.000000  -33.352568  -35.000000    6.589729    4.000000
   38.000000  -99.000000  -34.026597  -35.000000    3.893611    4.000000
   39.000000  -99.000000  -35.171720  -35.000000     .002553    4.000000
   40.000000  -99.000000  -36.903704  -35.000000     .002484    4.000000
   41.000000  -99.000000  -39.469222  -35.000000     .002381    4.000000
   42.000000  -99.000000  -43.498576  -35.000000     .002220    4.000000
   43.000000  -99.000000  -51.533732  -35.000000     .001899    4.000000
   44.000000  -99.000000  -57.837095  -35.000000     .001647    4.000000
   45.000000  -99.000000  -46.111030  -35.000000     .002116    4.000000
   46.000000  -99.000000  -41.714066  -35.000000     .002291    4.000000
   47.000000  -99.000000  -39.200350  -35.000000     .002392    4.000000
   48.000000  -99.000000  -37.620998  -35.000000     .001228    2.000000
   49.000000  -99.000000  -36.628770  -35.000000     .001247    2.000000
   50.000000  -99.000000  -36.056053  -35.000000     .001259    2.000000
   51.000000  -99.000000  -35.807859  -35.000000     .001264    2.000000
   52.000000  -99.000000  -35.823940  -35.000000     .001264    2.000000
   53.000000  -99.000000  -36.062294  -35.000000     .001259    2.000000
   54.000000  -99.000000  -36.490163  -35.000000     .001250    2.000000
   55.000000  -99.000000  -37.078670  -35.000000     .001238    2.000000
   56.000000  -99.000000  -37.800223  -35.000000     .001224    2.000000
   57.000000  -99.000000  -38.627187  -35.000000     .001207    2.000000
   58.000000  -99.000000  -39.529206  -35.000000     .001189    2.000000
   59.000000  -99.000000  -40.468151  -35.000000     .001171    2.000000
   60.000000  -99.000000  -41.393198  -35.000000     .001152    2.000000
   61.000000  -99.000000  -42.240526  -35.000000     .001135    2.000000
   62.000000  -99.000000  -42.940363  -35.000000     .001121    2.000000
   63.000000  -99.000000  -43.429804  -35.000000     .001111    2.000000
   64.000000  -99.000000  -43.666558  -35.000000     .001107    2.000000
   65.000000  -99.000000  -43.638539  -35.000000     .001107    2.000000
   66.000000  -99.000000  -43.365691  -35.000000     .001113    2.000000
   67.000000  -99.000000  -42.894298  -35.000000     .001122    2.000000
   68.000000  -99.000000  -42.285700  -35.000000     .001134    2.000000
   69.000000  -99.000000  -41.602707  -35.000000     .001148    2.000000
   70.000000  -99.000000  -40.897463  -35.000000     .001162    2.000000
   71.000000  -99.000000  -40.204789  -35.000000     .001176    2.000000
   72.000000  -99.000000  -39.543091  -35.000000     .001189    2.000000
   73.000000  -99.000000  -38.921394  -35.000000     .001202    2.000000
   74.000000  -99.000000  -38.347184  -35.000000     .001213    2.000000
   75.000000  -99.000000  -37.829907  -35.000000     .001223    2.000000
   76.000000  -99.000000  -37.379082  -35.000000     .001232    2.000000
   77.000000  -99.000000  -37.000753  -35.000000     .001240    2.000000
   78.000000  -99.000000  -36.696536  -35.000000     .001246    2.000000
   79.000000  -99.000000  -36.465270  -35.000000     .001251    2.000000
   80.000000  -99.000000  -36.304163  -35.000000     .001254    2.000000
   81.000000  -99.000000  -36.207926  -35.000000     .001256    2.000000
   82.000000  -99.000000  -36.168290  -35.000000     .001257    2.000000
   83.000000  -99.000000  -36.177072  -35.000000     .001256    2.000000
   84.000000  -99.000000  -36.231582  -35.000000     .001255    2.000000
   85.000000  -99.000000  -36.336652  -35.000000     .001253    2.000000
   86.000000  -99.000000  -36.499864  -35.000000     .001250    2.000000
   87.000000  -99.000000  -36.723999  -35.000000     .001246    2.000000
   88.000000  -99.000000  -37.004391  -35.000000     .001240    2.000000
   89.000000  -99.000000  -37.333518  -35.000000     .001233    2.000000
   90.000000  -99.000000  -37.707631  -35.000000     .001226    2.000000
